TN:
SF:/Users/kelvinsp/Desktop/CodeCoverageExample/CodeCoverageExample/CodeCoverageExample/calculator.cpp
FN:3,_ZN10Calculator8additionEdd
FN:8,_ZN10Calculator11subtractionEdd
FN:13,_ZN10Calculator8divisionEdd
FN:18,_ZN10Calculator14multiplicationEdd
FNDA:2,_ZN10Calculator14multiplicationEdd
FNDA:3,_ZN10Calculator11subtractionEdd
FNDA:3,_ZN10Calculator8additionEdd
FNDA:3,_ZN10Calculator8divisionEdd
FNF:4
FNH:4
DA:5,3
DA:10,3
DA:15,3
DA:20,2
LF:4
LH:4
end_of_record
TN:
SF:/Users/kelvinsp/Desktop/CodeCoverageExample/CodeCoverageExample/CodeCoverageExample/main.cpp
FN:5,main
FNDA:3,main
FNF:1
FNH:1
DA:7,3
DA:9,3
DA:13,21
DA:15,6
DA:17,3
DA:19,0
DA:20,0
DA:21,3
DA:23,3
DA:24,3
LF:10
LH:8
end_of_record
